2025-06-01 21:57:15 INFO     root: populate_pregame_data: inserted/updated 15 rows, skipped 0 games.
2025-06-01 21:57:15 INFO     root: Postprocessing MLB on 2025-06-01
2025-06-01 21:57:16 INFO     root: Updated final scores for 14 games. Skipped 1 games.
2025-06-01 21:57:16 INFO     root: Preprocessing NBA on 2025-05-31
2025-06-01 21:58:29 INFO     root: populate_pregame_data: inserted/updated 1 rows, skipped 0 games.
2025-06-01 21:58:29 INFO     root: Postprocessing NBA on 2025-05-31
2025-06-01 21:58:29 INFO     root: Updated final scores for 1 games. Skipped 0 games.
2025-06-01 21:58:29 INFO     root: Preprocessing MLB on 2025-05-31
2025-06-01 21:58:45 WARNING  root: 403 Forbidden at https://www.teamrankings.com/mlb/stat/earned-run-average?date=2025-05-31, sleeping 4 minutes before retry
2025-06-01 22:03:57 INFO     root: populate_pregame_data: inserted/updated 15 rows, skipped 0 games.
2025-06-01 22:03:57 INFO     root: Postprocessing MLB on 2025-05-31
2025-06-01 22:03:57 INFO     root: Updated final scores for 15 games. Skipped 0 games.
2025-06-01 22:03:57 INFO     root: Preprocessing MLB on 2025-05-30
2025-06-01 22:05:25 INFO     root: populate_pregame_data: inserted/updated 15 rows, skipped 0 games.
2025-06-01 22:05:25 INFO     root: Postprocessing MLB on 2025-05-30
2025-06-01 22:05:25 INFO     root: Updated final scores for 15 games. Skipped 0 games.
2025-06-01 22:05:25 INFO     root: Preprocessing NBA on 2025-05-29
2025-06-01 22:06:05 WARNING  root: 403 Forbidden at https://www.teamrankings.com/nba/stat/opponent-three-point-rate?date=2025-05-29, sleeping 4 minutes before retry
2025-06-01 22:10:37 INFO     root: populate_pregame_data: inserted/updated 1 rows, skipped 0 games.
2025-06-01 22:10:37 INFO     root: Postprocessing NBA on 2025-05-29
2025-06-01 22:10:37 INFO     root: Updated final scores for 1 games. Skipped 0 games.
2025-06-01 22:10:37 INFO     root: Preprocessing MLB on 2025-05-29
2025-06-01 22:11:52 INFO     root: populate_pregame_data: inserted/updated 5 rows, skipped 0 games.
2025-06-01 22:11:52 INFO     root: Postprocessing MLB on 2025-05-29
2025-06-01 22:11:53 INFO     root: Updated final scores for 5 games. Skipped 0 games.
2025-06-01 22:11:53 INFO     root: Preprocessing NBA on 2025-05-28
2025-06-01 22:12:56 WARNING  root: 403 Forbidden at https://www.teamrankings.com/nba/ranking/predictive-by-other?date=2025-05-28, sleeping 4 minutes before retry
2025-06-01 22:17:06 INFO     root: populate_pregame_data: inserted/updated 1 rows, skipped 0 games.
2025-06-01 22:17:06 INFO     root: Postprocessing NBA on 2025-05-28
2025-06-01 22:17:07 INFO     root: Updated final scores for 1 games. Skipped 0 games.
2025-06-01 22:17:07 INFO     root: Preprocessing MLB on 2025-05-28
2025-06-01 22:18:36 INFO     root: populate_pregame_data: inserted/updated 15 rows, skipped 0 games.
2025-06-01 22:18:36 INFO     root: Postprocessing MLB on 2025-05-28
2025-06-01 22:18:37 INFO     root: Updated final scores for 14 games. Skipped 1 games.
2025-06-01 22:18:37 INFO     root: Preprocessing NBA on 2025-05-27
2025-06-01 22:19:53 INFO     root: populate_pregame_data: inserted/updated 1 rows, skipped 0 games.
2025-06-01 22:19:53 INFO     root: Postprocessing NBA on 2025-05-27
2025-06-01 22:19:53 INFO     root: Updated final scores for 1 games. Skipped 0 games.
2025-06-01 22:19:53 INFO     root: Preprocessing MLB on 2025-05-27
2025-06-01 22:19:55 WARNING  root: 403 Forbidden at https://www.teamrankings.com/mlb/stat/home-runs-per-game?date=2025-05-27, sleeping 4 minutes before retry
2025-06-01 22:25:22 INFO     root: populate_pregame_data: inserted/updated 15 rows, skipped 0 games.
2025-06-01 22:25:22 INFO     root: Postprocessing MLB on 2025-05-27
2025-06-01 22:25:22 INFO     root: Updated final scores for 15 games. Skipped 0 games.
2025-06-01 22:25:22 INFO     root: Preprocessing NBA on 2025-05-26
2025-06-01 22:26:34 INFO     root: populate_pregame_data: inserted/updated 1 rows, skipped 0 games.
2025-06-01 22:26:34 INFO     root: Postprocessing NBA on 2025-05-26
2025-06-01 22:26:34 INFO     root: Updated final scores for 1 games. Skipped 0 games.
2025-06-01 22:26:34 INFO     root: Preprocessing MLB on 2025-05-26
2025-06-01 22:26:55 WARNING  root: 403 Forbidden at https://www.teamrankings.com/mlb/stat/opponent-hits-per-game?date=2025-05-26, sleeping 4 minutes before retry
2025-06-01 22:32:02 INFO     root: populate_pregame_data: inserted/updated 12 rows, skipped 0 games.
2025-06-01 22:32:02 INFO     root: Postprocessing MLB on 2025-05-26
2025-06-01 22:32:02 INFO     root: Updated final scores for 12 games. Skipped 0 games.
2025-06-01 22:32:02 INFO     root: Preprocessing NBA on 2025-05-25
2025-06-01 22:33:08 INFO     root: populate_pregame_data: inserted/updated 1 rows, skipped 0 games.
2025-06-01 22:33:08 INFO     root: Postprocessing NBA on 2025-05-25
2025-06-01 22:33:08 INFO     root: Updated final scores for 1 games. Skipped 0 games.
2025-06-01 22:33:08 INFO     root: Preprocessing MLB on 2025-05-25
2025-06-01 22:33:46 WARNING  root: 403 Forbidden at https://www.teamrankings.com/mlb/stat/opponent-outs-pitched-per-game?date=2025-05-25, sleeping 4 minutes before retry
2025-06-01 22:38:40 INFO     root: populate_pregame_data: inserted/updated 15 rows, skipped 0 games.
2025-06-01 22:38:40 INFO     root: Postprocessing MLB on 2025-05-25
2025-06-01 22:38:41 INFO     root: Updated final scores for 15 games. Skipped 0 games.
2025-06-01 22:38:41 INFO     root: Preprocessing NBA on 2025-05-24
2025-06-01 22:39:49 INFO     root: populate_pregame_data: inserted/updated 1 rows, skipped 0 games.
2025-06-01 22:39:49 INFO     root: Postprocessing NBA on 2025-05-24
2025-06-01 22:39:49 INFO     root: Updated final scores for 1 games. Skipped 0 games.
2025-06-01 22:39:49 INFO     root: Preprocessing MLB on 2025-05-24
2025-06-01 22:40:45 WARNING  root: 403 Forbidden at https://www.teamrankings.com/mlb/stat/opponent-first-5-innings-runs-per-game?date=2025-05-24, sleeping 4 minutes before retry
2025-06-01 22:45:20 INFO     root: populate_pregame_data: inserted/updated 16 rows, skipped 0 games.
2025-06-01 22:45:20 INFO     root: Postprocessing MLB on 2025-05-24
2025-06-01 22:45:20 INFO     root: Updated final scores for 16 games. Skipped 0 games.
2025-06-01 22:45:20 INFO     root: Preprocessing NBA on 2025-05-23
2025-06-01 22:46:28 INFO     root: populate_pregame_data: inserted/updated 1 rows, skipped 0 games.
2025-06-01 22:46:28 INFO     root: Postprocessing NBA on 2025-05-23
2025-06-01 22:46:29 INFO     root: Updated final scores for 1 games. Skipped 0 games.
2025-06-01 22:46:29 INFO     root: Preprocessing MLB on 2025-05-23
2025-06-01 22:47:58 INFO     root: populate_pregame_data: inserted/updated 16 rows, skipped 0 games.
2025-06-01 22:47:58 INFO     root: Postprocessing MLB on 2025-05-23
2025-06-01 22:47:58 INFO     root: Updated final scores for 15 games. Skipped 1 games.
2025-06-01 22:47:58 INFO     root: Preprocessing NBA on 2025-05-22
2025-06-01 22:47:59 WARNING  root: 403 Forbidden at https://www.teamrankings.com/nba/stat/points-per-game?date=2025-05-22, sleeping 4 minutes before retry
2025-06-01 22:53:17 INFO     root: populate_pregame_data: inserted/updated 1 rows, skipped 0 games.
2025-06-01 22:53:17 INFO     root: Postprocessing NBA on 2025-05-22
2025-06-01 22:53:18 INFO     root: Updated final scores for 1 games. Skipped 0 games.
2025-06-01 22:53:18 INFO     root: Preprocessing MLB on 2025-05-22
2025-06-01 22:54:43 INFO     root: populate_pregame_data: inserted/updated 9 rows, skipped 0 games.
2025-06-01 22:54:43 INFO     root: Postprocessing MLB on 2025-05-22
2025-06-01 22:54:44 INFO     root: Updated final scores for 8 games. Skipped 1 games.
2025-06-01 22:54:44 INFO     root: Preprocessing NBA on 2025-05-21
2025-06-01 22:54:45 WARNING  root: 403 Forbidden at https://www.teamrankings.com/nba/stat/floor-percentage?date=2025-05-21, sleeping 4 minutes before retry
2025-06-01 23:00:01 INFO     root: populate_pregame_data: inserted/updated 1 rows, skipped 0 games.
2025-06-01 23:00:01 INFO     root: Postprocessing NBA on 2025-05-21
2025-06-01 23:00:01 INFO     root: Updated final scores for 1 games. Skipped 0 games.
2025-06-01 23:00:01 INFO     root: Preprocessing MLB on 2025-05-21
2025-06-01 23:01:36 INFO     root: populate_pregame_data: inserted/updated 16 rows, skipped 0 games.
2025-06-01 23:01:36 INFO     root: Postprocessing MLB on 2025-05-21
2025-06-01 23:01:36 INFO     root: Updated final scores for 15 games. Skipped 1 games.
2025-06-01 23:01:36 INFO     root: Preprocessing NBA on 2025-05-20
2025-06-01 23:01:37 WARNING  root: 403 Forbidden at https://www.teamrankings.com/nba/stat/points-per-game?date=2025-05-20, sleeping 4 minutes before retry
2025-06-01 23:20:15 INFO     root: Preprocessing NBA on 2025-05-20
